  ofApp.cpp
C:\Users\Lumo\Desktop\Julien\Openframeworks\addons\ofxIO\libs\ofxIO\include\ofx/RecursiveDirectoryIteratorImpl.h(142): warning C4267: 'return': conversion from 'size_t' to 'Poco::UInt16', possible loss of data
  C:\Users\Lumo\Desktop\Julien\Openframeworks\addons\ofxIO\libs\ofxIO\include\ofx/RecursiveDirectoryIteratorImpl.h(141): note: while compiling class template member function 'Poco::UInt16 ofx::RecursiveDirectoryIteratorImpl<TTravStr>::depthFun(const ofx::RecursiveDirectoryIteratorImpl<TTravStr>::Stack &)'
          with
          [
              TTravStr=ofx::ChildrenFirstTraverse
          ]
  C:\Users\Lumo\Desktop\Julien\Openframeworks\addons\ofxIO\libs\ofxIO\include\ofx/RecursiveDirectoryIteratorImpl.h(153): note: see reference to function template instantiation 'Poco::UInt16 ofx::RecursiveDirectoryIteratorImpl<TTravStr>::depthFun(const ofx::RecursiveDirectoryIteratorImpl<TTravStr>::Stack &)' being compiled
          with
          [
              TTravStr=ofx::ChildrenFirstTraverse
          ]
  C:\Users\Lumo\Desktop\Julien\Openframeworks\addons\ofxIO\libs\ofxIO\include\ofx/RecursiveDirectoryIteratorImpl.h(152): note: while compiling class template member function 'ofx::RecursiveDirectoryIteratorImpl<TTravStr>::RecursiveDirectoryIteratorImpl(const std::string &,Poco::UInt16)'
          with
          [
              TTravStr=ofx::ChildrenFirstTraverse
          ]
  C:\Users\Lumo\Desktop\Julien\Openframeworks\addons\ofxIO\libs\ofxIO\include\ofx/RecursiveDirectoryIterator.h(306): note: see reference to function template instantiation 'ofx::RecursiveDirectoryIteratorImpl<TTravStr>::RecursiveDirectoryIteratorImpl(const std::string &,Poco::UInt16)' being compiled
          with
          [
              TTravStr=ofx::ChildrenFirstTraverse
          ]
  C:\Users\Lumo\Desktop\Julien\Openframeworks\addons\ofxIO\libs\ofxIO\include\ofx/RecursiveDirectoryIterator.h(306): note: see reference to class template instantiation 'ofx::RecursiveDirectoryIteratorImpl<TTravStr>' being compiled
          with
          [
              TTravStr=ofx::ChildrenFirstTraverse
          ]
  C:\Users\Lumo\Desktop\Julien\Openframeworks\addons\ofxIO\libs\ofxIO\include\ofx/RecursiveDirectoryIterator.h(306): note: while compiling class template member function 'ofx::RecursiveDirectoryIterator<ofx::ChildrenFirstTraverse>::RecursiveDirectoryIterator(const Poco::Path &,Poco::UInt16)'
  C:\Users\Lumo\Desktop\Julien\Openframeworks\addons\ofxIO\libs\ofxIO\include\ofx/RecursiveDirectoryIterator.h(400): note: see reference to class template instantiation 'ofx::RecursiveDirectoryIterator<ofx::ChildrenFirstTraverse>' being compiled
LINK : fatal error LNK1201: error writing to program database 'C:\Users\Lumo\Desktop\Julien\Openframeworks\apps\myApps\NewGui\bin\NewGui_debug.pdb'; check for insufficient disk space, invalid path, or insufficient privilege
